# JRE version: Java(TM) SE Runtime Environment (8.0_91-b14) (build 1.8.0_91-b14)
# Java VM: Java HotSpot(TM) 64-Bit Server VM (25.91-b14 mixed mode bsd-amd64 compressed oops)
Heap:
 PSYoungGen      total 77312K, used 12503K [0x000000076ab00000, 0x0000000770b00000, 0x00000007c0000000)
  eden space 61440K, 19% used [0x000000076ab00000,0x000000076b6e5ef8,0x000000076e700000)
  from space 15872K, 2% used [0x000000076e800000,0x000000076e850000,0x000000076f780000)
  to   space 18432K, 0% used [0x000000076f900000,0x000000076f900000,0x0000000770b00000)
 ParOldGen       total 175104K, used 18521K [0x00000006c0000000, 0x00000006cab00000, 0x000000076ab00000)
  object space 175104K, 10% used [0x00000006c0000000,0x00000006c12164b8,0x00000006cab00000)
 Metaspace       used 20977K, capacity 21131K, committed 21296K, reserved 1069056K
  class space    used 2044K, capacity 2110K, committed 2176K, reserved 1048576K
GC Heap History (10 events):
Event: 29.393 GC heap before
{Heap before GC invocations=3 (full 0):
 PSYoungGen      total 76288K, used 76259K [0x000000076ab00000, 0x0000000770000000, 0x00000007c0000000)
  eden space 65536K, 100% used [0x000000076ab00000,0x000000076eb00000,0x000000076eb00000)
  from space 10752K, 99% used [0x000000076f580000,0x000000076fff8c70,0x0000000770000000)
  to   space 10752K, 0% used [0x000000076eb00000,0x000000076eb00000,0x000000076f580000)
 ParOldGen       total 175104K, used 7855K [0x00000006c0000000, 0x00000006cab00000, 0x000000076ab00000)
  object space 175104K, 4% used [0x00000006c0000000,0x00000006c07abe70,0x00000006cab00000)
 Metaspace       used 20811K, capacity 21003K, committed 21120K, reserved 1069056K
  class space    used 2023K, capacity 2110K, committed 2176K, reserved 1048576K
Event: 29.401 GC heap after
Heap after GC invocations=3 (full 0):
 PSYoungGen      total 76288K, used 10739K [0x000000076ab00000, 0x0000000770000000, 0x00000007c0000000)
  eden space 65536K, 0% used [0x000000076ab00000,0x000000076ab00000,0x000000076eb00000)
  from space 10752K, 99% used [0x000000076eb00000,0x000000076f57cc20,0x000000076f580000)
  to   space 10752K, 0% used [0x000000076f580000,0x000000076f580000,0x0000000770000000)
 ParOldGen       total 175104K, used 7863K [0x00000006c0000000, 0x00000006cab00000, 0x000000076ab00000)
  object space 175104K, 4% used [0x00000006c0000000,0x00000006c07ade70,0x00000006cab00000)
 Metaspace       used 20811K, capacity 21003K, committed 21120K, reserved 1069056K
  class space    used 2023K, capacity 2110K, committed 2176K, reserved 1048576K
}
Event: 47.113 GC heap before
{Heap before GC invocations=4 (full 0):
 PSYoungGen      total 76288K, used 76275K [0x000000076ab00000, 0x0000000770000000, 0x00000007c0000000)
  eden space 65536K, 100% used [0x000000076ab00000,0x000000076eb00000,0x000000076eb00000)
  from space 10752K, 99% used [0x000000076eb00000,0x000000076f57cc20,0x000000076f580000)
  to   space 10752K, 0% used [0x000000076f580000,0x000000076f580000,0x0000000770000000)
 ParOldGen       total 175104K, used 7863K [0x00000006c0000000, 0x00000006cab00000, 0x000000076ab00000)
  object space 175104K, 4% used [0x00000006c0000000,0x00000006c07ade70,0x00000006cab00000)
 Metaspace       used 20861K, capacity 21067K, committed 21296K, reserved 1069056K
  class space    used 2037K, capacity 2110K, committed 2176K, reserved 1048576K
Event: 47.121 GC heap after
Heap after GC invocations=4 (full 0):
 PSYoungGen      total 76288K, used 10723K [0x000000076ab00000, 0x0000000770000000, 0x00000007c0000000)
  eden space 65536K, 0% used [0x000000076ab00000,0x000000076ab00000,0x000000076eb00000)
  from space 10752K, 99% used [0x000000076f580000,0x000000076fff8c30,0x0000000770000000)
  to   space 10752K, 0% used [0x000000076eb00000,0x000000076eb00000,0x000000076f580000)
 ParOldGen       total 175104K, used 7879K [0x00000006c0000000, 0x00000006cab00000, 0x000000076ab00000)
  object space 175104K, 4% used [0x00000006c0000000,0x00000006c07b1e70,0x00000006cab00000)
 Metaspace       used 20861K, capacity 21067K, committed 21296K, reserved 1069056K
  class space    used 2037K, capacity 2110K, committed 2176K, reserved 1048576K
}
Event: 64.696 GC heap before
{Heap before GC invocations=5 (full 0):
 PSYoungGen      total 76288K, used 76259K [0x000000076ab00000, 0x0000000770000000, 0x00000007c0000000)
  eden space 65536K, 100% used [0x000000076ab00000,0x000000076eb00000,0x000000076eb00000)
  from space 10752K, 99% used [0x000000076f580000,0x000000076fff8c30,0x0000000770000000)
  to   space 10752K, 0% used [0x000000076eb00000,0x000000076eb00000,0x000000076f580000)
 ParOldGen       total 175104K, used 7879K [0x00000006c0000000, 0x00000006cab00000, 0x000000076ab00000)
  object space 175104K, 4% used [0x00000006c0000000,0x00000006c07b1e70,0x00000006cab00000)
 Metaspace       used 20866K, capacity 21067K, committed 21296K, reserved 1069056K
  class space    used 2037K, capacity 2110K, committed 2176K, reserved 1048576K
Event: 64.702 GC heap after
Heap after GC invocations=5 (full 0):
 PSYoungGen      total 74752K, used 10739K [0x000000076ab00000, 0x0000000770980000, 0x00000007c0000000)
  eden space 64000K, 0% used [0x000000076ab00000,0x000000076ab00000,0x000000076e980000)
  from space 10752K, 99% used [0x000000076eb00000,0x000000076f57cc20,0x000000076f580000)
  to   space 16384K, 0% used [0x000000076f980000,0x000000076f980000,0x0000000770980000)
 ParOldGen       total 175104K, used 7895K [0x00000006c0000000, 0x00000006cab00000, 0x000000076ab00000)
  object space 175104K, 4% used [0x00000006c0000000,0x00000006c07b5e70,0x00000006cab00000)
 Metaspace       used 20866K, capacity 21067K, committed 21296K, reserved 1069056K
  class space    used 2037K, capacity 2110K, committed 2176K, reserved 1048576K
}
Event: 82.066 GC heap before
{Heap before GC invocations=6 (full 0):
 PSYoungGen      total 74752K, used 74739K [0x000000076ab00000, 0x0000000770980000, 0x00000007c0000000)
  eden space 64000K, 100% used [0x000000076ab00000,0x000000076e980000,0x000000076e980000)
  from space 10752K, 99% used [0x000000076eb00000,0x000000076f57cc20,0x000000076f580000)
  to   space 16384K, 0% used [0x000000076f980000,0x000000076f980000,0x0000000770980000)
 ParOldGen       total 175104K, used 7895K [0x00000006c0000000, 0x00000006cab00000, 0x000000076ab00000)
  object space 175104K, 4% used [0x00000006c0000000,0x00000006c07b5e70,0x00000006cab00000)
 Metaspace       used 20868K, capacity 21067K, committed 21296K, reserved 1069056K
  class space    used 2037K, capacity 2110K, committed 2176K, reserved 1048576K
Event: 82.074 GC heap after
Heap after GC invocations=6 (full 0):
 PSYoungGen      total 76288K, used 10803K [0x000000076ab00000, 0x0000000770700000, 0x00000007c0000000)
  eden space 62464K, 0% used [0x000000076ab00000,0x000000076ab00000,0x000000076e800000)
  from space 13824K, 78% used [0x000000076f980000,0x000000077040cc20,0x0000000770700000)
  to   space 15872K, 0% used [0x000000076e800000,0x000000076e800000,0x000000076f780000)
 ParOldGen       total 175104K, used 7903K [0x00000006c0000000, 0x00000006cab00000, 0x000000076ab00000)
  object space 175104K, 4% used [0x00000006c0000000,0x00000006c07b7e70,0x00000006cab00000)
 Metaspace       used 20868K, capacity 21067K, committed 21296K, reserved 1069056K
  class space    used 2037K, capacity 2110K, committed 2176K, reserved 1048576K
}
Event: 98.585 GC heap before
{Heap before GC invocations=7 (full 0):
 PSYoungGen      total 76288K, used 73267K [0x000000076ab00000, 0x0000000770700000, 0x00000007c0000000)
  eden space 62464K, 100% used [0x000000076ab00000,0x000000076e800000,0x000000076e800000)
  from space 13824K, 78% used [0x000000076f980000,0x000000077040cc20,0x0000000770700000)
  to   space 15872K, 0% used [0x000000076e800000,0x000000076e800000,0x000000076f780000)
 ParOldGen       total 175104K, used 7903K [0x00000006c0000000, 0x00000006cab00000, 0x000000076ab00000)
  object space 175104K, 4% used [0x00000006c0000000,0x00000006c07b7e70,0x00000006cab00000)
 Metaspace       used 20868K, capacity 21067K, committed 21296K, reserved 1069056K
  class space    used 2037K, capacity 2110K, committed 2176K, reserved 1048576K
Event: 98.594 GC heap after
Heap after GC invocations=7 (full 0):
 PSYoungGen      total 77312K, used 320K [0x000000076ab00000, 0x0000000770b00000, 0x00000007c0000000)
  eden space 61440K, 0% used [0x000000076ab00000,0x000000076ab00000,0x000000076e700000)
  from space 15872K, 2% used [0x000000076e800000,0x000000076e850000,0x000000076f780000)
  to   space 18432K, 0% used [0x000000076f900000,0x000000076f900000,0x0000000770b00000)
 ParOldGen       total 175104K, used 18521K [0x00000006c0000000, 0x00000006cab00000, 0x000000076ab00000)
  object space 175104K, 10% used [0x00000006c0000000,0x00000006c12164b8,0x00000006cab00000)
 Metaspace       used 20868K, capacity 21067K, committed 21296K, reserved 1069056K
  class space    used 2037K, capacity 2110K, committed 2176K, reserved 1048576K
}

